This is pdfTeX, Version 3.14159265-2.6-1.40.19 (MiKTeX 2.9.6630 64-bit) (preloaded format=pdflatex 2018.5.4)  15 MAY 2018 23:43
entering extended mode
**C:/Users/user/Desktop/random_forest/AI_random_forest/fragments/slides-ai-rand
om_forests.tex

(C:/Users/user/Desktop/random_forest/AI_random_forest/fragments/slides-ai-rando
m_forests.tex
LaTeX2e <2017-04-15>
Babel <3.18> and hyphenation patterns for 75 language(s) loaded.
! Undefined control sequence.
l.1 \subsection
               {Classification tree} % Change, please!
? 
! Emergency stop.
l.1 \subsection
               {Classification tree} % Change, please!
End of file on the terminal!

 
Here is how much of TeX's memory you used:
 8 strings out of 493305
 424 string characters out of 3130238
 53825 words of memory out of 3000000
 3658 multiletter control sequences out of 15000+200000
 3640 words of font info for 14 fonts, out of 3000000 for 9000
 1141 hyphenation exceptions out of 8191
 5i,0n,1p,145b,8s stack positions out of 5000i,500n,10000p,200000b,50000s
!  ==> Fatal error occurred, no output PDF file produced!
